# JRE version: Java(TM) SE Runtime Environment (21.0.7+8) (build 21.0.7+8-LTS-245)
# Java VM: Java HotSpot(TM) 64-Bit Server VM (21.0.7+8-LTS-245, mixed mode, sharing, tiered, compressed oops, compressed class ptrs, g1 gc, windows-amd64)
GC Precious Log:
 CardTable entry size: 512
 Card Set container configuration: InlinePtr #cards 5 size 8 Array Of Cards #cards 12 size 40 Howl #buckets 4 coarsen threshold 1843 Howl Bitmap #cards 512 size 80 coarsen threshold 460 Card regions per heap region 1 cards per card region 2048
 CPUs: 8 total, 8 available
 Memory: 8070M
 Large Page Support: Disabled
 NUMA Support: Disabled
 Compressed Oops: Enabled (32-bit)
 Heap Region Size: 1M
 Heap Min Capacity: 8M
 Heap Initial Capacity: 128M
 Heap Max Capacity: 2018M
 Pre-touch: Disabled
 Parallel Workers: 8
 Concurrent Workers: 2
 Concurrent Refinement Workers: 8
 Periodic GC: Disabled
Heap:
 garbage-first heap   total 113664K, used 64276K [0x0000000081e00000, 0x0000000100000000)
  region size 1024K, 17 young (17408K), 4 survivors (4096K)
 Metaspace       used 39534K, committed 40064K, reserved 1114112K
  class space    used 4445K, committed 4672K, reserved 1048576K
GC Heap History (18 events):
Event: 0.926 GC heap before
{Heap before GC invocations=0 (full 0):
 garbage-first heap   total 131072K, used 23552K [0x0000000081e00000, 0x0000000100000000)
  region size 1024K, 23 young (23552K), 0 survivors (0K)
 Metaspace       used 5687K, committed 5888K, reserved 1114112K
  class space    used 660K, committed 768K, reserved 1048576K
}
Event: 0.935 GC heap after
{Heap after GC invocations=1 (full 0):
 garbage-first heap   total 131072K, used 3783K [0x0000000081e00000, 0x0000000100000000)
  region size 1024K, 3 young (3072K), 3 survivors (3072K)
 Metaspace       used 5687K, committed 5888K, reserved 1114112K
  class space    used 660K, committed 768K, reserved 1048576K
}
Event: 1.651 GC heap before
{Heap before GC invocations=1 (full 0):
 garbage-first heap   total 131072K, used 35527K [0x0000000081e00000, 0x0000000100000000)
  region size 1024K, 34 young (34816K), 3 survivors (3072K)
 Metaspace       used 10178K, committed 10304K, reserved 1114112K
  class space    used 1200K, committed 1280K, reserved 1048576K
}
Event: 1.657 GC heap after
{Heap after GC invocations=2 (full 0):
 garbage-first heap   total 131072K, used 5603K [0x0000000081e00000, 0x0000000100000000)
  region size 1024K, 2 young (2048K), 2 survivors (2048K)
 Metaspace       used 10178K, committed 10304K, reserved 1114112K
  class space    used 1200K, committed 1280K, reserved 1048576K
}
Event: 3.401 GC heap before
{Heap before GC invocations=2 (full 0):
 garbage-first heap   total 131072K, used 81379K [0x0000000081e00000, 0x0000000100000000)
  region size 1024K, 76 young (77824K), 2 survivors (2048K)
 Metaspace       used 16066K, committed 16384K, reserved 1114112K
  class space    used 1851K, committed 1984K, reserved 1048576K
}
Event: 3.417 GC heap after
{Heap after GC invocations=3 (full 0):
 garbage-first heap   total 131072K, used 13836K [0x0000000081e00000, 0x0000000100000000)
  region size 1024K, 10 young (10240K), 10 survivors (10240K)
 Metaspace       used 16066K, committed 16384K, reserved 1114112K
  class space    used 1851K, committed 1984K, reserved 1048576K
}
Event: 5.835 GC heap before
{Heap before GC invocations=3 (full 0):
 garbage-first heap   total 131072K, used 78348K [0x0000000081e00000, 0x0000000100000000)
  region size 1024K, 68 young (69632K), 10 survivors (10240K)
 Metaspace       used 21167K, committed 21504K, reserved 1114112K
  class space    used 2427K, committed 2624K, reserved 1048576K
}
Event: 5.867 GC heap after
{Heap after GC invocations=4 (full 0):
 garbage-first heap   total 131072K, used 25832K [0x0000000081e00000, 0x0000000100000000)
  region size 1024K, 7 young (7168K), 7 survivors (7168K)
 Metaspace       used 21167K, committed 21504K, reserved 1114112K
  class space    used 2427K, committed 2624K, reserved 1048576K
}
Event: 8.688 GC heap before
{Heap before GC invocations=5 (full 0):
 garbage-first heap   total 92160K, used 90344K [0x0000000081e00000, 0x0000000100000000)
  region size 1024K, 71 young (72704K), 7 survivors (7168K)
 Metaspace       used 28006K, committed 28352K, reserved 1114112K
  class space    used 3167K, committed 3328K, reserved 1048576K
}
Event: 8.736 GC heap after
{Heap after GC invocations=6 (full 0):
 garbage-first heap   total 113664K, used 37096K [0x0000000081e00000, 0x0000000100000000)
  region size 1024K, 10 young (10240K), 10 survivors (10240K)
 Metaspace       used 28006K, committed 28352K, reserved 1114112K
  class space    used 3167K, committed 3328K, reserved 1048576K
}
Event: 10.592 GC heap before
{Heap before GC invocations=6 (full 0):
 garbage-first heap   total 113664K, used 94440K [0x0000000081e00000, 0x0000000100000000)
  region size 1024K, 61 young (62464K), 10 survivors (10240K)
 Metaspace       used 30493K, committed 30912K, reserved 1114112K
  class space    used 3465K, committed 3648K, reserved 1048576K
}
Event: 10.620 GC heap after
{Heap after GC invocations=7 (full 0):
 garbage-first heap   total 113664K, used 46080K [0x0000000081e00000, 0x0000000100000000)
  region size 1024K, 8 young (8192K), 8 survivors (8192K)
 Metaspace       used 30493K, committed 30912K, reserved 1114112K
  class space    used 3465K, committed 3648K, reserved 1048576K
}
Event: 11.758 GC heap before
{Heap before GC invocations=7 (full 0):
 garbage-first heap   total 113664K, used 90112K [0x0000000081e00000, 0x0000000100000000)
  region size 1024K, 51 young (52224K), 8 survivors (8192K)
 Metaspace       used 31158K, committed 31680K, reserved 1114112K
  class space    used 3548K, committed 3776K, reserved 1048576K
}
Event: 11.794 GC heap after
{Heap after GC invocations=8 (full 0):
 garbage-first heap   total 113664K, used 56832K [0x0000000081e00000, 0x0000000100000000)
  region size 1024K, 7 young (7168K), 7 survivors (7168K)
 Metaspace       used 31158K, committed 31680K, reserved 1114112K
  class space    used 3548K, committed 3776K, reserved 1048576K
}
Event: 12.815 GC heap before
{Heap before GC invocations=8 (full 0):
 garbage-first heap   total 113664K, used 91648K [0x0000000081e00000, 0x0000000100000000)
  region size 1024K, 41 young (41984K), 7 survivors (7168K)
 Metaspace       used 32829K, committed 33280K, reserved 1114112K
  class space    used 3684K, committed 3904K, reserved 1048576K
}
Event: 12.824 GC heap after
{Heap after GC invocations=9 (full 0):
 garbage-first heap   total 113664K, used 54784K [0x0000000081e00000, 0x0000000100000000)
  region size 1024K, 2 young (2048K), 2 survivors (2048K)
 Metaspace       used 32829K, committed 33280K, reserved 1114112K
  class space    used 3684K, committed 3904K, reserved 1048576K
}
Event: 13.614 GC heap before
{Heap before GC invocations=9 (full 0):
 garbage-first heap   total 113664K, used 65024K [0x0000000081e00000, 0x0000000100000000)
  region size 1024K, 13 young (13312K), 2 survivors (2048K)
 Metaspace       used 35867K, committed 36288K, reserved 1114112K
  class space    used 3993K, committed 4160K, reserved 1048576K
}
Event: 13.627 GC heap after
{Heap after GC invocations=10 (full 0):
 garbage-first heap   total 113664K, used 57108K [0x0000000081e00000, 0x0000000100000000)
  region size 1024K, 4 young (4096K), 4 survivors (4096K)
 Metaspace       used 35867K, committed 36288K, reserved 1114112K
  class space    used 3993K, committed 4160K, reserved 1048576K
}

